# JRE version: Java(TM) SE Runtime Environment (8.0_31-b13) (build 1.8.0_31-b13)
# Java VM: Java HotSpot(TM) 64-Bit Server VM (25.31-b07 mixed mode windows-amd64 compressed oops)
Heap:
 PSYoungGen      total 147456K, used 67165K [0x00000000d5f00000, 0x00000000e4a80000, 0x0000000100000000)
  eden space 132096K, 50% used [0x00000000d5f00000,0x00000000da0977a0,0x00000000de000000)
  from space 15360K, 0% used [0x00000000de000000,0x00000000de000000,0x00000000def00000)
  to   space 14848K, 0% used [0x00000000e3c00000,0x00000000e3c00000,0x00000000e4a80000)
 ParOldGen       total 82432K, used 25015K [0x0000000081c00000, 0x0000000086c80000, 0x00000000d5f00000)
  object space 82432K, 30% used [0x0000000081c00000,0x000000008346de28,0x0000000086c80000)
 Metaspace       used 22207K, capacity 22612K, committed 22960K, reserved 1069056K
  class space    used 2598K, capacity 2716K, committed 2816K, reserved 1048576K
GC Heap History (10 events):
Event: 5.391 GC heap before
{Heap before GC invocations=6 (full 0):
 PSYoungGen      total 38400K, used 38376K [0x00000000d5f00000, 0x00000000db600000, 0x0000000100000000)
  eden space 33280K, 100% used [0x00000000d5f00000,0x00000000d7f80000,0x00000000d7f80000)
  from space 5120K, 99% used [0x00000000d7f80000,0x00000000d847a040,0x00000000d8480000)
  to   space 11264K, 0% used [0x00000000dab00000,0x00000000dab00000,0x00000000db600000)
 ParOldGen       total 87552K, used 12092K [0x0000000081c00000, 0x0000000087180000, 0x00000000d5f00000)
  object space 87552K, 13% used [0x0000000081c00000,0x00000000827cf260,0x0000000087180000)
 Metaspace       used 15758K, capacity 16100K, committed 16384K, reserved 1062912K
  class space    used 1869K, capacity 1952K, committed 2048K, reserved 1048576K
Event: 5.405 GC heap after
Heap after GC invocations=6 (full 0):
 PSYoungGen      total 77824K, used 8632K [0x00000000d5f00000, 0x00000000db600000, 0x0000000100000000)
  eden space 66560K, 0% used [0x00000000d5f00000,0x00000000d5f00000,0x00000000da000000)
  from space 11264K, 76% used [0x00000000dab00000,0x00000000db36e030,0x00000000db600000)
  to   space 11264K, 0% used [0x00000000da000000,0x00000000da000000,0x00000000dab00000)
 ParOldGen       total 87552K, used 12100K [0x0000000081c00000, 0x0000000087180000, 0x00000000d5f00000)
  object space 87552K, 13% used [0x0000000081c00000,0x00000000827d1260,0x0000000087180000)
 Metaspace       used 15758K, capacity 16100K, committed 16384K, reserved 1062912K
  class space    used 1869K, capacity 1952K, committed 2048K, reserved 1048576K
}
Event: 6.873 GC heap before
{Heap before GC invocations=7 (full 0):
 PSYoungGen      total 77824K, used 75192K [0x00000000d5f00000, 0x00000000db600000, 0x0000000100000000)
  eden space 66560K, 100% used [0x00000000d5f00000,0x00000000da000000,0x00000000da000000)
  from space 11264K, 76% used [0x00000000dab00000,0x00000000db36e030,0x00000000db600000)
  to   space 11264K, 0% used [0x00000000da000000,0x00000000da000000,0x00000000dab00000)
 ParOldGen       total 87552K, used 12100K [0x0000000081c00000, 0x0000000087180000, 0x00000000d5f00000)
  object space 87552K, 13% used [0x0000000081c00000,0x00000000827d1260,0x0000000087180000)
 Metaspace       used 16183K, capacity 16522K, committed 16896K, reserved 1064960K
  class space    used 1882K, capacity 1985K, committed 2048K, reserved 1048576K
Event: 6.892 GC heap after
Heap after GC invocations=7 (full 0):
 PSYoungGen      total 77824K, used 11248K [0x00000000d5f00000, 0x00000000dfd00000, 0x0000000100000000)
  eden space 66560K, 0% used [0x00000000d5f00000,0x00000000d5f00000,0x00000000da000000)
  from space 11264K, 99% used [0x00000000da000000,0x00000000daafc010,0x00000000dab00000)
  to   space 14336K, 0% used [0x00000000def00000,0x00000000def00000,0x00000000dfd00000)
 ParOldGen       total 87552K, used 15724K [0x0000000081c00000, 0x0000000087180000, 0x00000000d5f00000)
  object space 87552K, 17% used [0x0000000081c00000,0x0000000082b5b3c8,0x0000000087180000)
 Metaspace       used 16183K, capacity 16522K, committed 16896K, reserved 1064960K
  class space    used 1882K, capacity 1985K, committed 2048K, reserved 1048576K
}
Event: 8.512 GC heap before
{Heap before GC invocations=8 (full 0):
 PSYoungGen      total 77824K, used 77808K [0x00000000d5f00000, 0x00000000dfd00000, 0x0000000100000000)
  eden space 66560K, 100% used [0x00000000d5f00000,0x00000000da000000,0x00000000da000000)
  from space 11264K, 99% used [0x00000000da000000,0x00000000daafc010,0x00000000dab00000)
  to   space 14336K, 0% used [0x00000000def00000,0x00000000def00000,0x00000000dfd00000)
 ParOldGen       total 87552K, used 15724K [0x0000000081c00000, 0x0000000087180000, 0x00000000d5f00000)
  object space 87552K, 17% used [0x0000000081c00000,0x0000000082b5b3c8,0x0000000087180000)
 Metaspace       used 17866K, capacity 18240K, committed 18432K, reserved 1064960K
  class space    used 2060K, capacity 2196K, committed 2304K, reserved 1048576K
Event: 8.538 GC heap after
Heap after GC invocations=8 (full 0):
 PSYoungGen      total 146432K, used 12933K [0x00000000d5f00000, 0x00000000dff00000, 0x0000000100000000)
  eden space 132096K, 0% used [0x00000000d5f00000,0x00000000d5f00000,0x00000000de000000)
  from space 14336K, 90% used [0x00000000def00000,0x00000000dfba16e0,0x00000000dfd00000)
  to   space 15360K, 0% used [0x00000000de000000,0x00000000de000000,0x00000000def00000)
 ParOldGen       total 87552K, used 18239K [0x0000000081c00000, 0x0000000087180000, 0x00000000d5f00000)
  object space 87552K, 20% used [0x0000000081c00000,0x0000000082dcfc28,0x0000000087180000)
 Metaspace       used 17866K, capacity 18240K, committed 18432K, reserved 1064960K
  class space    used 2060K, capacity 2196K, committed 2304K, reserved 1048576K
}
Event: 9.084 GC heap before
{Heap before GC invocations=9 (full 0):
 PSYoungGen      total 146432K, used 36794K [0x00000000d5f00000, 0x00000000dff00000, 0x0000000100000000)
  eden space 132096K, 18% used [0x00000000d5f00000,0x00000000d764d4d0,0x00000000de000000)
  from space 14336K, 90% used [0x00000000def00000,0x00000000dfba16e0,0x00000000dfd00000)
  to   space 15360K, 0% used [0x00000000de000000,0x00000000de000000,0x00000000def00000)
 ParOldGen       total 87552K, used 18239K [0x0000000081c00000, 0x0000000087180000, 0x00000000d5f00000)
  object space 87552K, 20% used [0x0000000081c00000,0x0000000082dcfc28,0x0000000087180000)
 Metaspace       used 20723K, capacity 21108K, committed 21296K, reserved 1069056K
  class space    used 2469K, capacity 2620K, committed 2688K, reserved 1048576K
Event: 9.103 GC heap after
Heap after GC invocations=9 (full 0):
 PSYoungGen      total 147456K, used 9163K [0x00000000d5f00000, 0x00000000e4a80000, 0x0000000100000000)
  eden space 132096K, 0% used [0x00000000d5f00000,0x00000000d5f00000,0x00000000de000000)
  from space 15360K, 59% used [0x00000000de000000,0x00000000de8f2c28,0x00000000def00000)
  to   space 14848K, 0% used [0x00000000e3c00000,0x00000000e3c00000,0x00000000e4a80000)
 ParOldGen       total 87552K, used 21538K [0x0000000081c00000, 0x0000000087180000, 0x00000000d5f00000)
  object space 87552K, 24% used [0x0000000081c00000,0x0000000083108988,0x0000000087180000)
 Metaspace       used 20723K, capacity 21108K, committed 21296K, reserved 1069056K
  class space    used 2469K, capacity 2620K, committed 2688K, reserved 1048576K
}
Event: 9.103 GC heap before
{Heap before GC invocations=10 (full 1):
 PSYoungGen      total 147456K, used 9163K [0x00000000d5f00000, 0x00000000e4a80000, 0x0000000100000000)
  eden space 132096K, 0% used [0x00000000d5f00000,0x00000000d5f00000,0x00000000de000000)
  from space 15360K, 59% used [0x00000000de000000,0x00000000de8f2c28,0x00000000def00000)
  to   space 14848K, 0% used [0x00000000e3c00000,0x00000000e3c00000,0x00000000e4a80000)
 ParOldGen       total 87552K, used 21538K [0x0000000081c00000, 0x0000000087180000, 0x00000000d5f00000)
  object space 87552K, 24% used [0x0000000081c00000,0x0000000083108988,0x0000000087180000)
 Metaspace       used 20723K, capacity 21108K, committed 21296K, reserved 1069056K
  class space    used 2469K, capacity 2620K, committed 2688K, reserved 1048576K
Event: 9.315 GC heap after
Heap after GC invocations=10 (full 1):
 PSYoungGen      total 147456K, used 0K [0x00000000d5f00000, 0x00000000e4a80000, 0x0000000100000000)
  eden space 132096K, 0% used [0x00000000d5f00000,0x00000000d5f00000,0x00000000de000000)
  from space 15360K, 0% used [0x00000000de000000,0x00000000de000000,0x00000000def00000)
  to   space 14848K, 0% used [0x00000000e3c00000,0x00000000e3c00000,0x00000000e4a80000)
 ParOldGen       total 82432K, used 25015K [0x0000000081c00000, 0x0000000086c80000, 0x00000000d5f00000)
  object space 82432K, 30% used [0x0000000081c00000,0x000000008346de28,0x0000000086c80000)
 Metaspace       used 20723K, capacity 21108K, committed 21296K, reserved 1069056K
  class space    used 2469K, capacity 2620K, committed 2688K, reserved 1048576K
}

